[2024-12-20 12:53:46,972: INFO: main: >>>>>> stage Data Ingestion stage started <<<<<<]
[2024-12-20 12:53:46,977: INFO: common: yaml file: config\config.yaml loaded successfully]
[2024-12-20 12:53:46,998: INFO: common: yaml file: params.yaml loaded successfully]
[2024-12-20 12:53:47,000: INFO: common: yaml file: schema.yaml loaded successfully]
[2024-12-20 12:53:47,001: INFO: common: created directory at: artifacts]
[2024-12-20 12:53:47,002: INFO: common: created directory at: artifacts/data_ingestion]
[2024-12-20 12:53:47,913: INFO: data_ingestion: artifacts/data_ingestion/data.zip download! with following info: 
Connection: close
Content-Length: 23329
Cache-Control: max-age=300
Content-Security-Policy: default-src 'none'; style-src 'unsafe-inline'; sandbox
Content-Type: application/zip
ETag: "c69888a4ae59bc5a893392785a938ccd4937981c06ba8a9d6a21aa52b4ab5b6e"
Strict-Transport-Security: max-age=31536000
X-Content-Type-Options: nosniff
X-Frame-Options: deny
X-XSS-Protection: 1; mode=block
X-GitHub-Request-Id: E138:25B585:10FB52:180797:67651BBA
Accept-Ranges: bytes
Date: Fri, 20 Dec 2024 07:24:43 GMT
Via: 1.1 varnish
X-Served-By: cache-hyd1100025-HYD
X-Cache: MISS
X-Cache-Hits: 0
X-Timer: S1734679483.791245,VS0,VE315
Vary: Authorization,Accept-Encoding,Origin
Access-Control-Allow-Origin: *
Cross-Origin-Resource-Policy: cross-origin
X-Fastly-Request-ID: cc4a5fc1c9ab3c5494a132ceb7acc26f16c2b536
Expires: Fri, 20 Dec 2024 07:29:43 GMT
Source-Age: 0

]
[2024-12-20 12:53:47,931: INFO: main: >>>>>> stage Data Ingestion stage completed <<<<<<

x==========x]
[2024-12-20 12:53:47,931: INFO: main: >>>>>> stage Data Validation stage started <<<<<<]
[2024-12-20 12:53:47,933: INFO: common: yaml file: config\config.yaml loaded successfully]
[2024-12-20 12:53:47,934: INFO: common: yaml file: params.yaml loaded successfully]
[2024-12-20 12:53:47,936: INFO: common: yaml file: schema.yaml loaded successfully]
[2024-12-20 12:53:47,936: INFO: common: created directory at: artifacts]
[2024-12-20 12:53:47,937: INFO: common: created directory at: artifacts/data_validation]
[2024-12-20 12:53:47,964: INFO: main: >>>>>> stage Data Validation stage completed <<<<<<

x==========x]
[2024-12-20 12:53:47,964: INFO: main: >>>>>> stage Data Transformation stage started <<<<<<]
[2024-12-20 12:53:47,974: INFO: common: yaml file: config\config.yaml loaded successfully]
[2024-12-20 12:53:47,976: INFO: common: yaml file: params.yaml loaded successfully]
[2024-12-20 12:53:47,977: INFO: common: yaml file: schema.yaml loaded successfully]
[2024-12-20 12:53:47,978: INFO: common: created directory at: artifacts]
[2024-12-20 12:53:47,980: INFO: common: created directory at: artifacts/data_transformation]
[2024-12-20 12:53:48,006: INFO: data_transformation: Splited data into training and test sets]
[2024-12-20 12:53:48,006: INFO: data_transformation: (1199, 12)]
[2024-12-20 12:53:48,006: INFO: data_transformation: (400, 12)]
[2024-12-20 12:53:48,007: INFO: main: >>>>>> stage Data Transformation stage completed <<<<<<

x==========x]
[2024-12-20 12:53:48,007: INFO: main: >>>>>> stage Model Trainer stage started <<<<<<]
[2024-12-20 12:53:48,009: INFO: common: yaml file: config\config.yaml loaded successfully]
[2024-12-20 12:53:48,010: INFO: common: yaml file: params.yaml loaded successfully]
[2024-12-20 12:53:48,012: INFO: common: yaml file: schema.yaml loaded successfully]
[2024-12-20 12:53:48,013: INFO: common: created directory at: artifacts]
[2024-12-20 12:53:48,014: INFO: common: created directory at: artifacts/model_trainer]
[2024-12-20 12:53:48,056: INFO: main: >>>>>> stage Model Trainer stage completed <<<<<<

x==========x]
[2024-12-20 12:53:48,056: INFO: main: >>>>>> stage Model evaluation stage started <<<<<<]
[2024-12-20 12:53:48,059: INFO: common: yaml file: config\config.yaml loaded successfully]
[2024-12-20 12:53:48,059: INFO: common: yaml file: params.yaml loaded successfully]
[2024-12-20 12:53:48,060: INFO: common: yaml file: schema.yaml loaded successfully]
[2024-12-20 12:53:48,061: INFO: common: created directory at: artifacts]
[2024-12-20 12:53:48,061: INFO: common: created directory at: artifacts/model_evaluation]
[2024-12-20 12:53:49,351: INFO: common: json file saved at: artifacts\model_evaluation\metrics.json]
[2024-12-20 12:53:59,817: INFO: main: >>>>>> stage Model evaluation stage completed <<<<<<

x==========x]
[2024-12-20 18:54:15,733: INFO: main: >>>>>> stage Data Ingestion stage started <<<<<<]
[2024-12-20 18:54:15,761: INFO: common: yaml file: config\config.yaml loaded successfully]
[2024-12-20 18:54:15,763: INFO: common: yaml file: params.yaml loaded successfully]
[2024-12-20 18:54:15,764: INFO: common: yaml file: schema.yaml loaded successfully]
[2024-12-20 18:54:15,765: INFO: common: created directory at: artifacts]
[2024-12-20 18:54:15,766: INFO: common: created directory at: artifacts/data_ingestion]
[2024-12-20 18:54:15,766: INFO: data_ingestion: File already exists]
[2024-12-20 18:54:15,778: INFO: main: >>>>>> stage Data Ingestion stage completed <<<<<<

x==========x]
[2024-12-20 18:54:15,778: INFO: main: >>>>>> stage Data Validation stage started <<<<<<]
[2024-12-20 18:54:15,780: INFO: common: yaml file: config\config.yaml loaded successfully]
[2024-12-20 18:54:15,781: INFO: common: yaml file: params.yaml loaded successfully]
[2024-12-20 18:54:15,782: INFO: common: yaml file: schema.yaml loaded successfully]
[2024-12-20 18:54:15,783: INFO: common: created directory at: artifacts]
[2024-12-20 18:54:15,783: INFO: common: created directory at: artifacts/data_validation]
[2024-12-20 18:54:15,810: INFO: main: >>>>>> stage Data Validation stage completed <<<<<<

x==========x]
[2024-12-20 18:54:15,810: INFO: main: >>>>>> stage Data Transformation stage started <<<<<<]
[2024-12-20 18:54:15,820: INFO: common: yaml file: config\config.yaml loaded successfully]
[2024-12-20 18:54:15,821: INFO: common: yaml file: params.yaml loaded successfully]
[2024-12-20 18:54:15,823: INFO: common: yaml file: schema.yaml loaded successfully]
[2024-12-20 18:54:15,823: INFO: common: created directory at: artifacts]
[2024-12-20 18:54:15,823: INFO: common: created directory at: artifacts/data_transformation]
[2024-12-20 18:54:15,845: INFO: data_transformation: Splited data into training and test sets]
[2024-12-20 18:54:15,845: INFO: data_transformation: (1199, 12)]
[2024-12-20 18:54:15,845: INFO: data_transformation: (400, 12)]
[2024-12-20 18:54:15,845: INFO: main: >>>>>> stage Data Transformation stage completed <<<<<<

x==========x]
[2024-12-20 18:54:15,845: INFO: main: >>>>>> stage Model Trainer stage started <<<<<<]
[2024-12-20 18:54:15,848: INFO: common: yaml file: config\config.yaml loaded successfully]
[2024-12-20 18:54:15,848: INFO: common: yaml file: params.yaml loaded successfully]
[2024-12-20 18:54:15,850: INFO: common: yaml file: schema.yaml loaded successfully]
[2024-12-20 18:54:15,850: INFO: common: created directory at: artifacts]
[2024-12-20 18:54:15,850: INFO: common: created directory at: artifacts/model_trainer]
[2024-12-20 18:54:15,905: INFO: main: >>>>>> stage Model Trainer stage completed <<<<<<

x==========x]
[2024-12-20 18:54:15,905: INFO: main: >>>>>> stage Model evaluation stage started <<<<<<]
[2024-12-20 18:54:15,907: INFO: common: yaml file: config\config.yaml loaded successfully]
[2024-12-20 18:54:15,908: INFO: common: yaml file: params.yaml loaded successfully]
[2024-12-20 18:54:15,910: INFO: common: yaml file: schema.yaml loaded successfully]
[2024-12-20 18:54:15,911: INFO: common: created directory at: artifacts]
[2024-12-20 18:54:15,911: INFO: common: created directory at: artifacts/model_evaluation]
[2024-12-20 18:54:17,375: INFO: common: json file saved at: artifacts\model_evaluation\metrics.json]
[2024-12-20 18:54:25,647: INFO: main: >>>>>> stage Model evaluation stage completed <<<<<<

x==========x]
[2024-12-21 14:41:29,872: INFO: utils: Note: NumExpr detected 16 cores but "NUMEXPR_MAX_THREADS" not set, so enforcing safe limit of 8.]
[2024-12-21 14:41:29,873: INFO: utils: NumExpr defaulting to 8 threads.]
[2024-12-21 14:42:54,476: INFO: utils: Note: NumExpr detected 16 cores but "NUMEXPR_MAX_THREADS" not set, so enforcing safe limit of 8.]
[2024-12-21 14:42:54,476: INFO: utils: NumExpr defaulting to 8 threads.]
[2024-12-21 14:42:59,523: INFO: main: >>>>>> stage Data Ingestion stage started <<<<<<]
[2024-12-21 14:42:59,525: INFO: common: yaml file: config\config.yaml loaded successfully]
[2024-12-21 14:42:59,526: INFO: common: yaml file: params.yaml loaded successfully]
[2024-12-21 14:42:59,529: INFO: common: yaml file: schema.yaml loaded successfully]
[2024-12-21 14:42:59,529: INFO: common: created directory at: artifacts]
[2024-12-21 14:42:59,529: INFO: common: created directory at: artifacts/data_ingestion]
[2024-12-21 14:42:59,530: INFO: data_ingestion: File already exists]
[2024-12-21 14:42:59,542: INFO: main: >>>>>> stage Data Ingestion stage completed <<<<<<

x==========x]
[2024-12-21 14:42:59,542: INFO: main: >>>>>> stage Data Validation stage started <<<<<<]
[2024-12-21 14:42:59,544: INFO: common: yaml file: config\config.yaml loaded successfully]
[2024-12-21 14:42:59,545: INFO: common: yaml file: params.yaml loaded successfully]
[2024-12-21 14:42:59,547: INFO: common: yaml file: schema.yaml loaded successfully]
[2024-12-21 14:42:59,548: INFO: common: created directory at: artifacts]
[2024-12-21 14:42:59,548: INFO: common: created directory at: artifacts/data_validation]
[2024-12-21 14:42:59,609: INFO: main: >>>>>> stage Data Validation stage completed <<<<<<

x==========x]
[2024-12-21 14:42:59,609: INFO: main: >>>>>> stage Data Transformation stage started <<<<<<]
[2024-12-21 14:42:59,620: INFO: common: yaml file: config\config.yaml loaded successfully]
[2024-12-21 14:42:59,621: INFO: common: yaml file: params.yaml loaded successfully]
[2024-12-21 14:42:59,624: INFO: common: yaml file: schema.yaml loaded successfully]
[2024-12-21 14:42:59,624: INFO: common: created directory at: artifacts]
[2024-12-21 14:42:59,624: INFO: common: created directory at: artifacts/data_transformation]
[2024-12-21 14:42:59,644: INFO: data_transformation: Splited data into training and test sets]
[2024-12-21 14:42:59,644: INFO: data_transformation: (1199, 12)]
[2024-12-21 14:42:59,644: INFO: data_transformation: (400, 12)]
[2024-12-21 14:42:59,645: INFO: main: >>>>>> stage Data Transformation stage completed <<<<<<

x==========x]
[2024-12-21 14:42:59,645: INFO: main: >>>>>> stage Model Trainer stage started <<<<<<]
[2024-12-21 14:42:59,647: INFO: common: yaml file: config\config.yaml loaded successfully]
[2024-12-21 14:42:59,647: INFO: common: yaml file: params.yaml loaded successfully]
[2024-12-21 14:42:59,648: INFO: common: yaml file: schema.yaml loaded successfully]
[2024-12-21 14:42:59,649: INFO: common: created directory at: artifacts]
[2024-12-21 14:42:59,649: INFO: common: created directory at: artifacts/model_trainer]
[2024-12-21 14:42:59,691: INFO: main: >>>>>> stage Model Trainer stage completed <<<<<<

x==========x]
[2024-12-21 14:42:59,691: INFO: main: >>>>>> stage Model evaluation stage started <<<<<<]
[2024-12-21 14:42:59,692: INFO: common: yaml file: config\config.yaml loaded successfully]
[2024-12-21 14:42:59,693: INFO: common: yaml file: params.yaml loaded successfully]
[2024-12-21 14:42:59,694: INFO: common: yaml file: schema.yaml loaded successfully]
[2024-12-21 14:42:59,694: INFO: common: created directory at: artifacts]
[2024-12-21 14:42:59,695: INFO: common: created directory at: artifacts/model_evaluation]
[2024-12-21 14:43:01,481: ERROR: main: API request to endpoint /api/2.0/mlflow/runs/create failed with error code 404 != 200. Response body: '404 page not found
']
Traceback (most recent call last):
  File "C:\d drive\Anurag\MAchine Learning\Projects\datascienceproject\main.py", line 55, in <module>
    data_ingestion.initiate_model_evaluation()
  File "C:\d drive\Anurag\MAchine Learning\Projects\datascienceproject\src\datascience\pipeline\model_evaluation_pipeline.py", line 15, in initiate_model_evaluation
    model_evaluation.log_into_mlflow()
  File "C:\d drive\Anurag\MAchine Learning\Projects\datascienceproject\src\datascience\components\model_evaluation.py", line 42, in log_into_mlflow
    with mlflow.start_run():
         ^^^^^^^^^^^^^^^^^^
  File "C:\Users\anura\Anaconda3\Lib\site-packages\mlflow\tracking\fluent.py", line 446, in start_run
    active_run_obj = client.create_run(
                     ^^^^^^^^^^^^^^^^^^
  File "C:\Users\anura\Anaconda3\Lib\site-packages\mlflow\tracking\client.py", line 393, in create_run
    return self._tracking_client.create_run(experiment_id, start_time, tags, run_name)
           ^^^^^^^^^^^^^^^^^^^^^^^^^^^^^^^^^^^^^^^^^^^^^^^^^^^^^^^^^^^^^^^^^^^^^^^^^^^
  File "C:\Users\anura\Anaconda3\Lib\site-packages\mlflow\tracking\_tracking_service\client.py", line 169, in create_run
    return self.store.create_run(
           ^^^^^^^^^^^^^^^^^^^^^^
  File "C:\Users\anura\Anaconda3\Lib\site-packages\mlflow\store\tracking\rest_store.py", line 212, in create_run
    response_proto = self._call_endpoint(CreateRun, req_body)
                     ^^^^^^^^^^^^^^^^^^^^^^^^^^^^^^^^^^^^^^^^
  File "C:\Users\anura\Anaconda3\Lib\site-packages\mlflow\store\tracking\rest_store.py", line 82, in _call_endpoint
    return call_endpoint(self.get_host_creds(), endpoint, method, json_body, response_proto)
           ^^^^^^^^^^^^^^^^^^^^^^^^^^^^^^^^^^^^^^^^^^^^^^^^^^^^^^^^^^^^^^^^^^^^^^^^^^^^^^^^^
  File "C:\Users\anura\Anaconda3\Lib\site-packages\mlflow\utils\rest_utils.py", line 370, in call_endpoint
    response = verify_rest_response(response, endpoint)
               ^^^^^^^^^^^^^^^^^^^^^^^^^^^^^^^^^^^^^^^^
  File "C:\Users\anura\Anaconda3\Lib\site-packages\mlflow\utils\rest_utils.py", line 246, in verify_rest_response
    raise MlflowException(
mlflow.exceptions.MlflowException: API request to endpoint /api/2.0/mlflow/runs/create failed with error code 404 != 200. Response body: '404 page not found
'
[2024-12-21 14:46:22,296: INFO: utils: Note: NumExpr detected 16 cores but "NUMEXPR_MAX_THREADS" not set, so enforcing safe limit of 8.]
[2024-12-21 14:46:22,297: INFO: utils: NumExpr defaulting to 8 threads.]
[2024-12-21 14:46:26,223: INFO: main: >>>>>> stage Data Ingestion stage started <<<<<<]
[2024-12-21 14:46:26,225: INFO: common: yaml file: config\config.yaml loaded successfully]
[2024-12-21 14:46:26,226: INFO: common: yaml file: params.yaml loaded successfully]
[2024-12-21 14:46:26,227: INFO: common: yaml file: schema.yaml loaded successfully]
[2024-12-21 14:46:26,228: INFO: common: created directory at: artifacts]
[2024-12-21 14:46:26,228: INFO: common: created directory at: artifacts/data_ingestion]
[2024-12-21 14:46:26,228: INFO: data_ingestion: File already exists]
[2024-12-21 14:46:26,235: INFO: main: >>>>>> stage Data Ingestion stage completed <<<<<<

x==========x]
[2024-12-21 14:46:26,235: INFO: main: >>>>>> stage Data Validation stage started <<<<<<]
[2024-12-21 14:46:26,237: INFO: common: yaml file: config\config.yaml loaded successfully]
[2024-12-21 14:46:26,237: INFO: common: yaml file: params.yaml loaded successfully]
[2024-12-21 14:46:26,238: INFO: common: yaml file: schema.yaml loaded successfully]
[2024-12-21 14:46:26,239: INFO: common: created directory at: artifacts]
[2024-12-21 14:46:26,239: INFO: common: created directory at: artifacts/data_validation]
[2024-12-21 14:46:26,273: INFO: main: >>>>>> stage Data Validation stage completed <<<<<<

x==========x]
[2024-12-21 14:46:26,274: INFO: main: >>>>>> stage Data Transformation stage started <<<<<<]
[2024-12-21 14:46:26,276: INFO: common: yaml file: config\config.yaml loaded successfully]
[2024-12-21 14:46:26,277: INFO: common: yaml file: params.yaml loaded successfully]
[2024-12-21 14:46:26,278: INFO: common: yaml file: schema.yaml loaded successfully]
[2024-12-21 14:46:26,279: INFO: common: created directory at: artifacts]
[2024-12-21 14:46:26,279: INFO: common: created directory at: artifacts/data_transformation]
[2024-12-21 14:46:26,302: INFO: data_transformation: Splited data into training and test sets]
[2024-12-21 14:46:26,303: INFO: data_transformation: (1199, 12)]
[2024-12-21 14:46:26,303: INFO: data_transformation: (400, 12)]
[2024-12-21 14:46:26,303: INFO: main: >>>>>> stage Data Transformation stage completed <<<<<<

x==========x]
[2024-12-21 14:46:26,303: INFO: main: >>>>>> stage Model Trainer stage started <<<<<<]
[2024-12-21 14:46:26,305: INFO: common: yaml file: config\config.yaml loaded successfully]
[2024-12-21 14:46:26,306: INFO: common: yaml file: params.yaml loaded successfully]
[2024-12-21 14:46:26,307: INFO: common: yaml file: schema.yaml loaded successfully]
[2024-12-21 14:46:26,307: INFO: common: created directory at: artifacts]
[2024-12-21 14:46:26,308: INFO: common: created directory at: artifacts/model_trainer]
[2024-12-21 14:46:26,348: INFO: main: >>>>>> stage Model Trainer stage completed <<<<<<

x==========x]
[2024-12-21 14:46:26,348: INFO: main: >>>>>> stage Model evaluation stage started <<<<<<]
[2024-12-21 14:46:26,350: INFO: common: yaml file: config\config.yaml loaded successfully]
[2024-12-21 14:46:26,351: INFO: common: yaml file: params.yaml loaded successfully]
[2024-12-21 14:46:26,352: INFO: common: yaml file: schema.yaml loaded successfully]
[2024-12-21 14:46:26,352: INFO: common: created directory at: artifacts]
[2024-12-21 14:46:26,352: INFO: common: created directory at: artifacts/model_evaluation]
[2024-12-21 14:46:27,930: INFO: common: json file saved at: artifacts\model_evaluation\metrics.json]
[2024-12-21 14:49:57,417: INFO: utils: Note: NumExpr detected 16 cores but "NUMEXPR_MAX_THREADS" not set, so enforcing safe limit of 8.]
[2024-12-21 14:49:57,418: INFO: utils: NumExpr defaulting to 8 threads.]
[2024-12-21 14:50:01,145: INFO: main: >>>>>> stage Data Ingestion stage started <<<<<<]
[2024-12-21 14:50:01,147: INFO: common: yaml file: config\config.yaml loaded successfully]
[2024-12-21 14:50:01,148: INFO: common: yaml file: params.yaml loaded successfully]
[2024-12-21 14:50:01,149: INFO: common: yaml file: schema.yaml loaded successfully]
[2024-12-21 14:50:01,149: INFO: common: created directory at: artifacts]
[2024-12-21 14:50:01,150: INFO: common: created directory at: artifacts/data_ingestion]
[2024-12-21 14:50:01,150: INFO: data_ingestion: File already exists]
[2024-12-21 14:50:01,155: INFO: main: >>>>>> stage Data Ingestion stage completed <<<<<<

x==========x]
[2024-12-21 14:50:01,155: INFO: main: >>>>>> stage Data Validation stage started <<<<<<]
[2024-12-21 14:50:01,156: INFO: common: yaml file: config\config.yaml loaded successfully]
[2024-12-21 14:50:01,156: INFO: common: yaml file: params.yaml loaded successfully]
[2024-12-21 14:50:01,157: INFO: common: yaml file: schema.yaml loaded successfully]
[2024-12-21 14:50:01,158: INFO: common: created directory at: artifacts]
[2024-12-21 14:50:01,158: INFO: common: created directory at: artifacts/data_validation]
[2024-12-21 14:50:01,183: INFO: main: >>>>>> stage Data Validation stage completed <<<<<<

x==========x]
[2024-12-21 14:50:01,183: INFO: main: >>>>>> stage Data Transformation stage started <<<<<<]
[2024-12-21 14:50:01,186: INFO: common: yaml file: config\config.yaml loaded successfully]
[2024-12-21 14:50:01,186: INFO: common: yaml file: params.yaml loaded successfully]
[2024-12-21 14:50:01,188: INFO: common: yaml file: schema.yaml loaded successfully]
[2024-12-21 14:50:01,188: INFO: common: created directory at: artifacts]
[2024-12-21 14:50:01,189: INFO: common: created directory at: artifacts/data_transformation]
[2024-12-21 14:50:01,207: INFO: data_transformation: Splited data into training and test sets]
[2024-12-21 14:50:01,208: INFO: data_transformation: (1199, 12)]
[2024-12-21 14:50:01,208: INFO: data_transformation: (400, 12)]
[2024-12-21 14:50:01,208: INFO: main: >>>>>> stage Data Transformation stage completed <<<<<<

x==========x]
[2024-12-21 14:50:01,208: INFO: main: >>>>>> stage Model Trainer stage started <<<<<<]
[2024-12-21 14:50:01,210: INFO: common: yaml file: config\config.yaml loaded successfully]
[2024-12-21 14:50:01,211: INFO: common: yaml file: params.yaml loaded successfully]
[2024-12-21 14:50:01,212: INFO: common: yaml file: schema.yaml loaded successfully]
[2024-12-21 14:50:01,213: INFO: common: created directory at: artifacts]
[2024-12-21 14:50:01,213: INFO: common: created directory at: artifacts/model_trainer]
[2024-12-21 14:50:01,267: INFO: main: >>>>>> stage Model Trainer stage completed <<<<<<

x==========x]
[2024-12-21 14:50:01,267: INFO: main: >>>>>> stage Model evaluation stage started <<<<<<]
[2024-12-21 14:50:01,269: INFO: common: yaml file: config\config.yaml loaded successfully]
[2024-12-21 14:50:01,270: INFO: common: yaml file: params.yaml loaded successfully]
[2024-12-21 14:50:01,272: INFO: common: yaml file: schema.yaml loaded successfully]
[2024-12-21 14:50:01,272: INFO: common: created directory at: artifacts]
[2024-12-21 14:50:01,273: INFO: common: created directory at: artifacts/model_evaluation]
[2024-12-21 14:50:02,807: INFO: common: json file saved at: artifacts\model_evaluation\metrics.json]
[2024-12-21 14:55:38,436: INFO: main: >>>>>> stage Data Ingestion stage started <<<<<<]
[2024-12-21 14:55:38,439: INFO: common: yaml file: config\config.yaml loaded successfully]
[2024-12-21 14:55:38,441: INFO: common: yaml file: params.yaml loaded successfully]
[2024-12-21 14:55:38,442: INFO: common: yaml file: schema.yaml loaded successfully]
[2024-12-21 14:55:38,443: INFO: common: created directory at: artifacts]
[2024-12-21 14:55:38,443: INFO: common: created directory at: artifacts/data_ingestion]
[2024-12-21 14:55:38,443: INFO: data_ingestion: File already exists]
[2024-12-21 14:55:38,447: INFO: main: >>>>>> stage Data Ingestion stage completed <<<<<<

x==========x]
[2024-12-21 14:55:38,447: INFO: main: >>>>>> stage Data Validation stage started <<<<<<]
[2024-12-21 14:55:38,450: INFO: common: yaml file: config\config.yaml loaded successfully]
[2024-12-21 14:55:38,450: INFO: common: yaml file: params.yaml loaded successfully]
[2024-12-21 14:55:38,452: INFO: common: yaml file: schema.yaml loaded successfully]
[2024-12-21 14:55:38,452: INFO: common: created directory at: artifacts]
[2024-12-21 14:55:38,452: INFO: common: created directory at: artifacts/data_validation]
[2024-12-21 14:55:38,483: INFO: main: >>>>>> stage Data Validation stage completed <<<<<<

x==========x]
[2024-12-21 14:55:38,483: INFO: main: >>>>>> stage Data Transformation stage started <<<<<<]
[2024-12-21 14:55:38,489: INFO: common: yaml file: config\config.yaml loaded successfully]
[2024-12-21 14:55:38,490: INFO: common: yaml file: params.yaml loaded successfully]
[2024-12-21 14:55:38,493: INFO: common: yaml file: schema.yaml loaded successfully]
[2024-12-21 14:55:38,494: INFO: common: created directory at: artifacts]
[2024-12-21 14:55:38,494: INFO: common: created directory at: artifacts/data_transformation]
[2024-12-21 14:55:38,519: INFO: data_transformation: Splited data into training and test sets]
[2024-12-21 14:55:38,520: INFO: data_transformation: (1199, 12)]
[2024-12-21 14:55:38,520: INFO: data_transformation: (400, 12)]
[2024-12-21 14:55:38,520: INFO: main: >>>>>> stage Data Transformation stage completed <<<<<<

x==========x]
[2024-12-21 14:55:38,520: INFO: main: >>>>>> stage Model Trainer stage started <<<<<<]
[2024-12-21 14:55:38,522: INFO: common: yaml file: config\config.yaml loaded successfully]
[2024-12-21 14:55:38,523: INFO: common: yaml file: params.yaml loaded successfully]
[2024-12-21 14:55:38,524: INFO: common: yaml file: schema.yaml loaded successfully]
[2024-12-21 14:55:38,524: INFO: common: created directory at: artifacts]
[2024-12-21 14:55:38,525: INFO: common: created directory at: artifacts/model_trainer]
[2024-12-21 14:55:38,560: INFO: main: >>>>>> stage Model Trainer stage completed <<<<<<

x==========x]
[2024-12-21 14:55:38,560: INFO: main: >>>>>> stage Model evaluation stage started <<<<<<]
[2024-12-21 14:55:38,563: INFO: common: yaml file: config\config.yaml loaded successfully]
[2024-12-21 14:55:38,563: INFO: common: yaml file: params.yaml loaded successfully]
[2024-12-21 14:55:38,565: INFO: common: yaml file: schema.yaml loaded successfully]
[2024-12-21 14:55:38,565: INFO: common: created directory at: artifacts]
[2024-12-21 14:55:38,565: INFO: common: created directory at: artifacts/model_evaluation]
[2024-12-21 14:55:40,174: INFO: common: json file saved at: artifacts\model_evaluation\metrics.json]
[2024-12-21 15:02:28,929: INFO: main: >>>>>> stage Data Ingestion stage started <<<<<<]
[2024-12-21 15:02:28,934: INFO: common: yaml file: config\config.yaml loaded successfully]
[2024-12-21 15:02:28,935: INFO: common: yaml file: params.yaml loaded successfully]
[2024-12-21 15:02:28,936: INFO: common: yaml file: schema.yaml loaded successfully]
[2024-12-21 15:02:28,937: INFO: common: created directory at: artifacts]
[2024-12-21 15:02:28,937: INFO: common: created directory at: artifacts/data_ingestion]
[2024-12-21 15:02:28,938: INFO: data_ingestion: File already exists]
[2024-12-21 15:02:28,941: INFO: main: >>>>>> stage Data Ingestion stage completed <<<<<<

x==========x]
[2024-12-21 15:02:28,941: INFO: main: >>>>>> stage Data Validation stage started <<<<<<]
[2024-12-21 15:02:28,943: INFO: common: yaml file: config\config.yaml loaded successfully]
[2024-12-21 15:02:28,944: INFO: common: yaml file: params.yaml loaded successfully]
[2024-12-21 15:02:28,946: INFO: common: yaml file: schema.yaml loaded successfully]
[2024-12-21 15:02:28,946: INFO: common: created directory at: artifacts]
[2024-12-21 15:02:28,947: INFO: common: created directory at: artifacts/data_validation]
[2024-12-21 15:02:28,975: INFO: main: >>>>>> stage Data Validation stage completed <<<<<<

x==========x]
[2024-12-21 15:02:28,975: INFO: main: >>>>>> stage Data Transformation stage started <<<<<<]
[2024-12-21 15:02:28,979: INFO: common: yaml file: config\config.yaml loaded successfully]
[2024-12-21 15:02:28,980: INFO: common: yaml file: params.yaml loaded successfully]
[2024-12-21 15:02:28,982: INFO: common: yaml file: schema.yaml loaded successfully]
[2024-12-21 15:02:28,983: INFO: common: created directory at: artifacts]
[2024-12-21 15:02:28,983: INFO: common: created directory at: artifacts/data_transformation]
[2024-12-21 15:02:29,002: INFO: data_transformation: Splited data into training and test sets]
[2024-12-21 15:02:29,003: INFO: data_transformation: (1199, 12)]
[2024-12-21 15:02:29,003: INFO: data_transformation: (400, 12)]
[2024-12-21 15:02:29,003: INFO: main: >>>>>> stage Data Transformation stage completed <<<<<<

x==========x]
[2024-12-21 15:02:29,003: INFO: main: >>>>>> stage Model Trainer stage started <<<<<<]
[2024-12-21 15:02:29,005: INFO: common: yaml file: config\config.yaml loaded successfully]
[2024-12-21 15:02:29,006: INFO: common: yaml file: params.yaml loaded successfully]
[2024-12-21 15:02:29,008: INFO: common: yaml file: schema.yaml loaded successfully]
[2024-12-21 15:02:29,008: INFO: common: created directory at: artifacts]
[2024-12-21 15:02:29,009: INFO: common: created directory at: artifacts/model_trainer]
[2024-12-21 15:02:29,085: INFO: main: >>>>>> stage Model Trainer stage completed <<<<<<

x==========x]
[2024-12-21 15:02:29,085: INFO: main: >>>>>> stage Model evaluation stage started <<<<<<]
[2024-12-21 15:02:29,089: INFO: common: yaml file: config\config.yaml loaded successfully]
[2024-12-21 15:02:29,089: INFO: common: yaml file: params.yaml loaded successfully]
[2024-12-21 15:02:29,092: INFO: common: yaml file: schema.yaml loaded successfully]
[2024-12-21 15:02:29,093: INFO: common: created directory at: artifacts]
[2024-12-21 15:02:29,094: INFO: common: created directory at: artifacts/model_evaluation]
[2024-12-21 15:02:30,458: INFO: common: json file saved at: artifacts\model_evaluation\metrics.json]
[2024-12-21 15:02:41,450: INFO: main: >>>>>> stage Model evaluation stage completed <<<<<<

x==========x]
